2023-09-26T15:31:52.857+07:00  INFO 18832 --- [main] com.example.demo.DemoJpaApplication      : Starting DemoJpaApplication using Java 17.0.1 with PID 18832 (C:\Users\admin\Documents\java\java_jpa\demo\target\classes started by admin in C:\Users\admin\Documents\java\java_jpa\demo)
2023-09-26T15:31:52.873+07:00  INFO 18832 --- [main] com.example.demo.DemoJpaApplication      : No active profile set, falling back to 1 default profile: "default"
2023-09-26T15:31:54.547+07:00  INFO 18832 --- [main] .s.d.r.c.RepositoryConfigurationDelegate : Bootstrapping Spring Data JPA repositories in DEFAULT mode.
2023-09-26T15:31:54.672+07:00  INFO 18832 --- [main] .s.d.r.c.RepositoryConfigurationDelegate : Finished Spring Data repository scanning in 99 ms. Found 3 JPA repository interfaces.
2023-09-26T15:31:56.719+07:00  INFO 18832 --- [main] o.s.b.w.embedded.tomcat.TomcatWebServer  : Tomcat initialized with port(s): 9092 (http)
2023-09-26T15:31:56.735+07:00  INFO 18832 --- [main] o.apache.catalina.core.StandardService   : Starting service [Tomcat]
2023-09-26T15:31:56.735+07:00  INFO 18832 --- [main] o.apache.catalina.core.StandardEngine    : Starting Servlet engine: [Apache Tomcat/10.1.13]
2023-09-26T15:31:57.094+07:00  INFO 18832 --- [main] o.a.c.c.C.[Tomcat].[localhost].[/]       : Initializing Spring embedded WebApplicationContext
2023-09-26T15:31:57.094+07:00  INFO 18832 --- [main] w.s.c.ServletWebServerApplicationContext : Root WebApplicationContext: initialization completed in 4038 ms
2023-09-26T15:31:57.657+07:00  INFO 18832 --- [main] o.hibernate.jpa.internal.util.LogHelper  : HHH000204: Processing PersistenceUnitInfo [name: default]
2023-09-26T15:31:57.938+07:00  INFO 18832 --- [main] org.hibernate.Version                    : HHH000412: Hibernate ORM core version 6.2.9.Final
2023-09-26T15:31:57.938+07:00  INFO 18832 --- [main] org.hibernate.cfg.Environment            : HHH000406: Using bytecode reflection optimizer
2023-09-26T15:31:58.224+07:00  INFO 18832 --- [main] o.h.b.i.BytecodeProviderInitiator        : HHH000021: Bytecode provider name : bytebuddy
2023-09-26T15:31:58.516+07:00  INFO 18832 --- [main] o.s.o.j.p.SpringPersistenceUnitInfo      : No LoadTimeWeaver setup: ignoring JPA class transformer
2023-09-26T15:31:58.562+07:00  INFO 18832 --- [main] com.zaxxer.hikari.HikariDataSource       : HikariPool-1 - Starting...
2023-09-26T15:31:58.937+07:00  INFO 18832 --- [main] com.zaxxer.hikari.pool.HikariPool        : HikariPool-1 - Added connection org.postgresql.jdbc.PgConnection@26b3c9a2
2023-09-26T15:31:58.937+07:00  INFO 18832 --- [main] com.zaxxer.hikari.HikariDataSource       : HikariPool-1 - Start completed.
2023-09-26T15:31:59.654+07:00  INFO 18832 --- [main] o.h.b.i.BytecodeProviderInitiator        : HHH000021: Bytecode provider name : bytebuddy
2023-09-26T15:32:01.121+07:00  INFO 18832 --- [main] o.h.e.t.j.p.i.JtaPlatformInitiator       : HHH000490: Using JtaPlatform implementation: [org.hibernate.engine.transaction.jta.platform.internal.NoJtaPlatform]
2023-09-26T15:32:01.293+07:00  INFO 18832 --- [main] j.LocalContainerEntityManagerFactoryBean : Initialized JPA EntityManagerFactory for persistence unit 'default'
2023-09-26T15:32:01.959+07:00  INFO 18832 --- [main] o.s.d.j.r.query.QueryEnhancerFactory     : Hibernate is in classpath; If applicable, HQL parser will be used.
2023-09-26T15:32:02.787+07:00  WARN 18832 --- [main] JpaBaseConfiguration$JpaWebConfiguration : spring.jpa.open-in-view is enabled by default. Therefore, database queries may be performed during view rendering. Explicitly configure spring.jpa.open-in-view to disable this warning
2023-09-26T15:32:03.822+07:00  INFO 18832 --- [main] o.s.b.w.embedded.tomcat.TomcatWebServer  : Tomcat started on port(s): 9092 (http) with context path ''
2023-09-26T15:32:03.884+07:00  INFO 18832 --- [main] com.example.demo.DemoJpaApplication      : Started DemoJpaApplication in 12.507 seconds (process running for 13.795)
